16:43:17 **** Build of project fsbl2_bsp ****
make -k all 
libgen -hw ../hw_platform_0/system.xml\
	       -lp E:/Xilinx/SDK/2013.4/sw/lib/bsp -lp E:/Xilinx/SDK/2013.4/sw/ThirdParty/bsp\
	       -pe ps7_cortexa9_0 \
	       -log libgen.log \
	       system.mss
libgen
Xilinx EDK 2013.4 Build EDK_2013.4.20131205
Copyright (c) 1995-2012 Xilinx, Inc.  All rights reserved.

Command Line: libgen -hw ../hw_platform_0/system.xml -lp
E:/Xilinx/SDK/2013.4/sw/lib/bsp -lp E:/Xilinx/SDK/2013.4/sw/ThirdParty/bsp -pe
ps7_cortexa9_0 -log libgen.log system.mss 


Staging source files.
Running DRCs.
Running generate.
Running post_generate.
Running include - 'make -s include "COMPILER=arm-xilinx-eabi-gcc"
"ARCHIVER=arm-xilinx-eabi-ar" "COMPILER_FLAGS= -O2 -c"
"EXTRA_COMPILER_FLAGS=-g"'.

Running libs - 'make -s libs "COMPILER=arm-xilinx-eabi-gcc"
"ARCHIVER=arm-xilinx-eabi-ar" "COMPILER_FLAGS= -O2 -c"
"EXTRA_COMPILER_FLAGS=-g"'.
Compiling common
e:\Xilinx\SDK\2013.4\gnu\arm\nt\bin\arm-xilinx-eabi-ar.exe: creating ../../../lib/libxil.a
Compiling standalone
Compiling XilFFs Library
Creating archive libxilffs.a
Compiling gpio
Compiling devcfg
Compiling dmaps
Compiling emacps
Compiling iicps
Compiling qspips
Compiling scugic
Compiling scutimer
Compiling scuwdt
Compiling sdps
Compiling uartps
Compiling usbps
Compiling xadcps
Compiling cpu_cortexa9
Running execs_generate.
Finished building libraries

16:43:34 Build Finished (took 16s.843ms)

