Vivado Simulator 2017.2
Copyright 1986-1999, 2001-2016 Xilinx, Inc. All Rights Reserved.
Running: F:/Xilinx/Vivado/2017.2/bin/unwrapped/win64.o/xelab.exe -wto d202c5d17ea84aeaa49eed174a7c1f12 --debug typical --relax --mt 2 --maxdelay -L xil_defaultlib -L simprims_ver -L secureip --snapshot adc_trig_testbench_time_impl -transport_int_delays -pulse_r 0 -pulse_int_r 0 -pulse_e 0 -pulse_int_e 0 xil_defaultlib.adc_trig_testbench xil_defaultlib.glbl -log elaborate.log 
Using 2 slave threads.
Starting static elaboration
Completed static elaboration
Starting simulation data flow analysis
Completed simulation data flow analysis
INFO: [XSIM 43-3451] SDF backannotation process started with SDF file "adc_trig_testbench_time_impl.sdf", for root module "adc_trig_testbench/testtrig".
INFO: [XSIM 43-3452] SDF backannotation was successful for SDF file "adc_trig_testbench_time_impl.sdf", for root module "adc_trig_testbench/testtrig".
Time Resolution for simulation is 1ps
Compiling module simprims_ver.BUFG
Compiling module simprims_ver.IBUF
Compiling module simprims_ver.LUT4
Compiling module simprims_ver.LUT5
Compiling module simprims_ver.LUT6
Compiling module simprims_ver.FDCE_default
Compiling module simprims_ver.x_lut1_mux2
Compiling module simprims_ver.LUT1
Compiling module simprims_ver.FDRE_default
Compiling module simprims_ver.x_lut3_mux8
Compiling module simprims_ver.LUT3
Compiling module simprims_ver.x_lut2_mux4
Compiling module simprims_ver.LUT2
Compiling module simprims_ver.CARRY4
Compiling module simprims_ver.OBUF
Compiling module xil_defaultlib.adc_triger
Compiling module xil_defaultlib.adc_trig_testbench
Compiling module xil_defaultlib.glbl
Built simulation snapshot adc_trig_testbench_time_impl
