13:13:50 INFO  : Registering command handlers for SDK TCF services
13:13:51 INFO  : Launching XSCT server: xsct.bat -interactive E:\zybo_base_system3\project_2\project_2.sdk\temp_xsdb_launch_script.tcl
13:13:57 INFO  : XSCT server has started successfully.
13:13:57 INFO  : Successfully done setting XSCT server connection channel  
13:13:59 INFO  : Successfully done setting SDK workspace  
13:13:59 INFO  : Processing command line option -hwspec E:/zybo_base_system3/project_2/project_2.sdk/system_wrapper.hdf.
13:19:30 INFO  : Saving repository preferences.
13:19:30 INFO  : Reading in cores from local repositories: 
		 F:\Xilinx\SDK\2017.2\data\embeddedsw\lib\bsp
13:19:30 INFO  : Cleaning BSP projects in the workspace.
13:19:38 INFO  : Saving repository preferences.
12:46:23 INFO  : Registering command handlers for SDK TCF services
12:46:24 INFO  : Launching XSCT server: xsct.bat -interactive E:\zybo_base_system3\project_2\project_2.sdk\temp_xsdb_launch_script.tcl
12:46:27 INFO  : XSCT server has started successfully.
12:46:27 INFO  : Successfully done setting XSCT server connection channel  
12:46:31 INFO  : Successfully done setting SDK workspace  
12:46:31 INFO  : Restoring local repository preferences: 
		 F:\Xilinx\SDK\2017.2\data\embeddedsw\lib\bsp
12:46:36 INFO  : Processing command line option -hwspec E:/zybo_base_system3/project_2/project_2.sdk/system_wrapper.hdf.
12:46:37 INFO  : Checking for hwspec changes in the project system_wrapper_hw_platform_0.
12:46:40 INFO  : BSP Project P/device_tree_bsp_0 has been successfully migrated.
13:02:56 ERROR : Exception while reading file C:\Users\win\Desktop\boot_dma
java.io.FileNotFoundException: C:\Users\win\Desktop\boot_dma (¾Ü¾ø·ÃÎÊ¡£)
	at java.io.FileInputStream.open0(Native Method)
	at java.io.FileInputStream.open(FileInputStream.java:195)
	at java.io.FileInputStream.<init>(FileInputStream.java:138)
	at java.io.FileReader.<init>(FileReader.java:72)
	at com.xilinx.sdk.utils.XFileUtils.read(XFileUtils.java:102)
	at com.xilinx.sdk.bootimage.internal.ui.BootgenDialog$DiffElement.<init>(BootgenDialog.java:370)
	at com.xilinx.sdk.bootimage.internal.ui.BootgenDialog$DiffElement.<init>(BootgenDialog.java:367)
	at com.xilinx.sdk.bootimage.internal.ui.BootgenDialog$4.prepareInput(BootgenDialog.java:352)
	at org.eclipse.compare.CompareEditorInput.run(CompareEditorInput.java:484)
	at org.eclipse.jface.operation.ModalContext$ModalContextThread.run(ModalContext.java:119)
13:05:34 INFO  : Invoking Bootgen: bootgen -image output.bif -arch zynq -o C:\Users\win\Desktop\boot_dma\BOOT.bin
13:05:34 INFO  : Creating new bif file C:\Users\win\Desktop\boot_dma\output.bif
13:05:35 INFO  : Bootgen command execution is done.
17:38:52 INFO  : Registering command handlers for SDK TCF services
17:38:53 INFO  : Launching XSCT server: xsct.bat -interactive E:\zybo_base_system3\project_2\project_2.sdk\temp_xsdb_launch_script.tcl
17:38:58 INFO  : XSCT server has started successfully.
17:38:59 INFO  : Successfully done setting XSCT server connection channel  
17:38:59 INFO  : Successfully done setting SDK workspace  
17:38:59 INFO  : Restoring local repository preferences: 
		 F:\Xilinx\SDK\2017.2\data\embeddedsw\lib\bsp
17:39:03 INFO  : Processing command line option -hwspec f:/dmatest/system_wrapper.hdf.
17:39:10 INFO  : BSP Project P/device_tree_bsp_0 has been successfully migrated.
17:44:49 INFO  : Invoking Bootgen: bootgen -image output.bif -arch zynq -o C:\Users\win\Desktop\boot_dma\BOOT.BIN
17:44:49 INFO  : Overwriting existing bif file C:\Users\win\Desktop\boot_dma\output.bif
17:44:50 INFO  : Bootgen command execution is done.
14:36:44 INFO  : Launching XSCT server: xsct.bat -interactive E:\zybo_base_system3\project_2\project_2.sdk\temp_xsdb_launch_script.tcl
14:36:47 INFO  : XSCT server has started successfully.
14:36:47 INFO  : Successfully done setting XSCT server connection channel  
14:36:51 INFO  : Successfully done setting SDK workspace  
14:36:51 INFO  : Restoring local repository preferences: 
		 F:\Xilinx\SDK\2017.2\data\embeddedsw\lib\bsp
14:37:03 INFO  : Registering command handlers for SDK TCF services
14:37:03 INFO  : Processing command line option -hwspec E:/zybo_base_system3/project_2/project_2.sdk/system_wrapper.hdf.
14:37:05 INFO  : Checking for hwspec changes in the project system_wrapper_hw_platform_0.
14:37:06 INFO  : SDK has detected change in the last modified timestamps for source hardware specification file Source:1499322978251,  Project:1498619332594
14:37:06 INFO  : The hardware specification for project 'system_wrapper_hw_platform_0' is different from E:/zybo_base_system3/project_2/project_2.sdk/system_wrapper.hdf.
14:37:06 INFO  : Copied contents of E:/zybo_base_system3/project_2/project_2.sdk/system_wrapper.hdf into \system_wrapper_hw_platform_0\system.hdf.
14:37:09 INFO  : Synchronizing projects in the workspace with the hardware platform specification changes.
14:37:12 ERROR : (XSDB Server)ERROR: [Common 17-167] Type error
ERROR: [Hsi 55-1545] Problem running tcl command ::sw_device_tree::post_generate : ERROR: [Common 17-39] 'rdi::col_lreplace' failed due to earlier errors.

    while executing
"lreplace $all_drivers $first_occur_pos $first_occur_pos $console_element"
    ("foreach" body line 12)
    invoked from within
"foreach drv_handle $all_drivers {
		set alias_str [get_property CONFIG.dtg.alias $drv_handle]
		if {[string match -nocase $alias_str "serial"]} {
			i..."
    (procedure "update_alias" line 25)
    invoked from within
"update_alias $os_handle"
    (procedure "::sw_device_tree::post_generate" line 3)
    invoked from within
"::sw_device_tree::post_generate device_tree"
ERROR: [Hsi 55-1443] Error(s) while running TCL procedure post_generate()

14:37:12 ERROR : (XSDB Server)ERROR: [Hsi 55-1450] Error: running generate_bsp.

14:37:12 ERROR : Failed to call sync_sw_with_hw_change
Reason: ERROR: [Common 17-39] 'hsi::generate_bsp' failed due to earlier errors.

14:37:13 ERROR : (XSDB Server)ERROR: [Common 17-167] Type error

14:37:13 ERROR : (XSDB Server)ERROR: [Hsi 55-1545] Problem running tcl command ::sw_device_tree::post_generate : ERROR: [Common 17-39] 'rdi::col_lreplace' failed due to earlier errors.

    while executing
"lreplace $all_drivers $first_occur_pos $first_occur_pos $console_element"
    ("foreach" body line 12)
    invoked from within
"foreach drv_handle $all_drivers {
		set alias_str [get_property CONFIG.dtg.alias $drv_handle]
		if {[string match -nocase $alias_str "serial"]} {
			i..."
    (procedure "update_alias" line 25)
    invoked from within
"update_alias $os_handle"
    (procedure "::sw_device_tree::post_generate" line 3)
    invoked from within
"::sw_device_tree::post_generate device_tree"
ERROR: [Hsi 55-1443] Error(s) while running TCL procedure post_generate()

14:37:13 ERROR : (XSDB Server)ERROR: [Hsi 55-1450] Error: running generate_bsp.

14:37:13 ERROR : Failed in generating sources
14:37:13 INFO  : BSP Project P/device_tree_bsp_0 has been successfully migrated.
14:37:13 ERROR : Error updating BSP project MSS files.
14:37:14 INFO  : Updating hardware inferred compiler options for fsbl.
14:37:14 INFO  : Clearing existing target manager status.
15:42:26 INFO  : Invoking Bootgen: bootgen -image output.bif -arch zynq -o C:\Users\win\Desktop\BOOT.BIN
15:42:26 INFO  : Creating new bif file C:\Users\win\Desktop\output.bif
15:42:28 INFO  : Bootgen command execution is done.
19:37:41 ERROR : Unexpected error while parsing XMD response ?: com.google.gson.JsonSyntaxException: com.google.gson.stream.MalformedJsonException: invalid number or unquoted string near 
19:38:05 INFO  : Registering command handlers for SDK TCF services
19:38:05 INFO  : Launching XSCT server: xsct.bat -interactive E:\zybo_base_system3\project_2\project_2.sdk\temp_xsdb_launch_script.tcl
19:38:09 INFO  : XSCT server has started successfully.
19:38:17 INFO  : Successfully done setting XSCT server connection channel  
19:38:17 INFO  : Successfully done setting SDK workspace  
19:38:17 INFO  : Restoring local repository preferences: 
		 F:\Xilinx\SDK\2017.2\data\embeddedsw\lib\bsp
19:38:25 INFO  : Processing command line option -hwspec E:/zybo_base_system3/project_2/project_2.sdk/system_wrapper.hdf.
19:38:25 ERROR : Error occurred while creating hardware platform system_wrapper_hw_platform_0 from sysdef
org.eclipse.core.internal.resources.ResourceException: Resource '/system_wrapper_hw_platform_0/system.hdf' already exists.
	at org.eclipse.core.internal.resources.Resource.checkDoesNotExist(Resource.java:314)
	at org.eclipse.core.internal.resources.Resource.checkDoesNotExist(Resource.java:301)
	at org.eclipse.core.internal.resources.File.create(File.java:107)
	at com.xilinx.sdk.hw.internal.HwProjectCreator.createHwProjectFromZip(HwProjectCreator.java:103)
	at com.xilinx.sdk.hw.HwProjectUtil.internalCreate(HwProjectUtil.java:266)
	at com.xilinx.sdk.hw.HwProjectUtil.makeNewHardwareProject(HwProjectUtil.java:210)
	at com.xilinx.sdk.hw.HwProjectUtil.makeNewHardwareProject(HwProjectUtil.java:197)
	at com.xilinx.sdk.hw.HwProjectUtil.makeNewHardwareProject(HwProjectUtil.java:171)
	at com.xilinx.sdk.startup.InitSDK.processHwSpecArgumentTask(InitSDK.java:516)
	at com.xilinx.sdk.startup.InitSDK.access$8(InitSDK.java:498)
	at com.xilinx.sdk.startup.InitSDK$12.run(InitSDK.java:449)
	at org.eclipse.core.internal.jobs.Worker.run(Worker.java:55)
19:38:25 ERROR : Unable to create Hardware Specification Project with specification file: E:/zybo_base_system3/project_2/project_2.sdk/system_wrapper.hdf
