#-----------------------------------------------------------
# Webtalk v2017.2 (64-bit)
# SW Build 1909853 on Thu Jun 15 18:39:09 MDT 2017
# 
# Start of session at: Fri Jun 30 10:30:14 2017
# Process ID: 8368
# Current directory: E:/zybo_base_system3/project_2/project_2.sdk/webtalk
# Command line: wbtcv.exe -mode batch -source sdk_webtalk.tcl
# Log file: E:/zybo_base_system3/project_2/project_2.sdk/webtalk/webtalk.log
# Journal file: E:/zybo_base_system3/project_2/project_2.sdk/webtalk\webtalk.jou
#-----------------------------------------------------------
source sdk_webtalk.tcl
# webtalk_init -webtalk_dir E:\\zybo_base_system3\\project_2\\project_2.sdk\\webtalk
# webtalk_register_client -client project
# webtalk_add_data -client project -key date_generated -value "2017-06-30 10:29:57" -context "software_version_and_target_device"
# webtalk_add_data -client project -key product_version -value "SDK v2017.2" -context "software_version_and_target_device"
# webtalk_add_data -client project -key build_version -value "2017.2" -context "software_version_and_target_device"
# webtalk_add_data -client project -key os_platform -value "amd64" -context "software_version_and_target_device"
# webtalk_add_data -client project -key registration_id -value "" -context "software_version_and_target_device"
# webtalk_add_data -client project -key tool_flow -value "SDK" -context "software_version_and_target_device"
# webtalk_add_data -client project -key beta -value "false" -context "software_version_and_target_device"
# webtalk_add_data -client project -key route_design -value "NA" -context "software_version_and_target_device"
# webtalk_add_data -client project -key target_family -value "NA" -context "software_version_and_target_device"
# webtalk_add_data -client project -key target_device -value "NA" -context "software_version_and_target_device"
# webtalk_add_data -client project -key target_package -value "NA" -context "software_version_and_target_device"
# webtalk_add_data -client project -key target_speed -value "NA" -context "software_version_and_target_device"
# webtalk_add_data -client project -key random_id -value "5166adr35jumdbpundi2uf8uv7" -context "software_version_and_target_device"
# webtalk_add_data -client project -key project_id -value "2017.2_2" -context "software_version_and_target_device"
# webtalk_add_data -client project -key project_iteration -value "2" -context "software_version_and_target_device"
# webtalk_add_data -client project -key os_name -value "Microsoft Windows 7 , 64-bit" -context "user_environment"
# webtalk_add_data -client project -key os_release -value "Service Pack 1  (build 7601)" -context "user_environment"
# webtalk_add_data -client project -key cpu_name -value "Intel(R) Core(TM) i7-6700 CPU @ 3.40GHz" -context "user_environment"
# webtalk_add_data -client project -key cpu_speed -value "3408 MHz" -context "user_environment"
# webtalk_add_data -client project -key total_processors -value "1" -context "user_environment"
# webtalk_add_data -client project -key system_ram -value "8.000 GB" -context "user_environment"
# webtalk_register_client -client sdk
# webtalk_add_data -client sdk -key uid -value "1498729150126" -context "sdk\\\\hardware/1498729150126"
# webtalk_add_data -client sdk -key isZynq -value "true" -context "sdk\\\\hardware/1498729150126"
# webtalk_add_data -client sdk -key isZynqMP -value "false" -context "sdk\\\\hardware/1498729150126"
# webtalk_add_data -client sdk -key Processors -value "2" -context "sdk\\\\hardware/1498729150126"
# webtalk_add_data -client sdk -key VivadoVersion -value "2017.2" -context "sdk\\\\hardware/1498729150126"
# webtalk_add_data -client sdk -key Arch -value "zynq" -context "sdk\\\\hardware/1498729150126"
# webtalk_add_data -client sdk -key Device -value "7z010" -context "sdk\\\\hardware/1498729150126"
# webtalk_add_data -client sdk -key IsHandoff -value "true" -context "sdk\\\\hardware/1498729150126"
# webtalk_add_data -client sdk -key os -value "NA" -context "sdk\\\\hardware/1498729150126"
# webtalk_add_data -client sdk -key apptemplate -value "NA" -context "sdk\\\\hardware/1498729150126"
# webtalk_add_data -client sdk -key RecordType -value "HWCreation" -context "sdk\\\\hardware/1498729150126"
# webtalk_add_data -client sdk -key uid -value "1498729236429" -context "sdk\\\\bsp/1498729236429"
# webtalk_add_data -client sdk -key hwid -value "1498729150126" -context "sdk\\\\bsp/1498729236429"
# webtalk_add_data -client sdk -key os -value "standalone" -context "sdk\\\\bsp/1498729236429"
# webtalk_add_data -client sdk -key apptemplate -value "zynq_fsbl" -context "sdk\\\\bsp/1498729236429"
# webtalk_add_data -client sdk -key RecordType -value "BSPCreation" -context "sdk\\\\bsp/1498729236429"
# webtalk_add_data -client sdk -key uid -value "1498729249436" -context "sdk\\\\application/1498729249436"
# webtalk_add_data -client sdk -key hwid -value "1498729150126" -context "sdk\\\\application/1498729249436"
# webtalk_add_data -client sdk -key bspid -value "1498729236429" -context "sdk\\\\application/1498729249436"
# webtalk_add_data -client sdk -key newbsp -value "true" -context "sdk\\\\application/1498729249436"
# webtalk_add_data -client sdk -key os -value "standalone" -context "sdk\\\\application/1498729249436"
# webtalk_add_data -client sdk -key apptemplate -value "zynq_fsbl" -context "sdk\\\\application/1498729249436"
# webtalk_add_data -client sdk -key RecordType -value "APPCreation" -context "sdk\\\\application/1498729249436"
# webtalk_add_data -client sdk -key LangUsed -value "C" -context "sdk\\\\application/1498729249436"
# webtalk_add_data -client sdk -key Procused -value "ps7_cortexa9" -context "sdk\\\\application/1498729249436"
# webtalk_add_data -client sdk -key projSize -value "340.3203125" -context "sdk\\\\application/1498729249436"
# webtalk_add_data -client sdk -key uid -value "NA" -context "sdk\\\\bsp/1498789796526"
# webtalk_add_data -client sdk -key RecordType -value "ToolUsage" -context "sdk\\\\bsp/1498789796526"
# webtalk_add_data -client sdk -key BootgenCount -value "1" -context "sdk\\\\bsp/1498789796526"
# webtalk_add_data -client sdk -key DebugCount -value "0" -context "sdk\\\\bsp/1498789796526"
# webtalk_add_data -client sdk -key PerfCount -value "0" -context "sdk\\\\bsp/1498789796526"
# webtalk_add_data -client sdk -key FlashCount -value "0" -context "sdk\\\\bsp/1498789796526"
# webtalk_add_data -client sdk -key CrossTriggCount -value "0" -context "sdk\\\\bsp/1498789796526"
# webtalk_add_data -client sdk -key QemuDebugCount -value "0" -context "sdk\\\\bsp/1498789796526"
# webtalk_transmit -clientid 1805163534 -regid "" -xml E:\\zybo_base_system3\\project_2\\project_2.sdk\\webtalk\\usage_statistics_ext_sdk.xml -html E:\\zybo_base_system3\\project_2\\project_2.sdk\\webtalk\\usage_statistics_ext_sdk.html -wdm E:\\zybo_base_system3\\project_2\\project_2.sdk\\webtalk\\sdk_webtalk.wdm -intro "<H3>SDK Usage Report</H3><BR>"
INFO: [Common 17-186] 'E:\zybo_base_system3\project_2\project_2.sdk\webtalk\usage_statistics_ext_sdk.xml' has been successfully sent to Xilinx on Fri Jun 30 10:31:06 2017. For additional details about this file, please refer to the WebTalk help file at F:/Xilinx/SDK/2017.2/doc/webtalk_introduction.html.
webtalk_transmit: Time (s): cpu = 00:00:00 ; elapsed = 00:00:25 . Memory (MB): peak = 63.508 ; gain = 0.746
# webtalk_terminate
INFO: [Common 17-206] Exiting Webtalk at Fri Jun 30 10:31:06 2017...
