#-----------------------------------------------------------
# Vivado v2017.2 (64-bit)
# SW Build 1909853 on Thu Jun 15 18:39:09 MDT 2017
# IP Build 1909766 on Thu Jun 15 19:58:00 MDT 2017
# Start of session at: Wed Jul  5 15:24:57 2017
# Process ID: 12848
# Current directory: E:/vivado_hardware_design/xadc_base_design
# Command line: vivado.exe -gui_launcher_event rodinguilauncherevent13044 E:\vivado_hardware_design\xadc_base_design\xadc_base_design.xpr
# Log file: E:/vivado_hardware_design/xadc_base_design/vivado.log
# Journal file: E:/vivado_hardware_design/xadc_base_design\vivado.jou
#-----------------------------------------------------------
start_gui
open_project E:/vivado_hardware_design/xadc_base_design/xadc_base_design.xpr
Scanning sources...
Finished scanning sources
INFO: [IP_Flow 19-234] Refreshing IP repositories
INFO: [IP_Flow 19-1700] Loaded user IP repository 'd:/hardware/Zybo-XADC-2016.4-1/Zybo-XADC/repo'.
INFO: [IP_Flow 19-2313] Loaded Vivado IP repository 'C:/Xilinx/Vivado/2017.2/data/ip'.
open_project: Time (s): cpu = 00:00:14 ; elapsed = 00:00:12 . Memory (MB): peak = 911.633 ; gain = 194.844
update_compile_order -fileset sources_1
reset_run synth_1
launch_runs impl_1 -to_step write_bitstream -jobs 4
[Wed Jul  5 15:25:53 2017] Launched synth_1...
Run output will be captured here: E:/vivado_hardware_design/xadc_base_design/xadc_base_design.runs/synth_1/runme.log
[Wed Jul  5 15:25:53 2017] Launched impl_1...
Run output will be captured here: E:/vivado_hardware_design/xadc_base_design/xadc_base_design.runs/impl_1/runme.log
WARNING: [IP_Flow 19-4067] Ignoring invalid widget type specified checkbox.Providing a default widget
open_run impl_1
INFO: [Netlist 29-17] Analyzing 138 Unisim elements for replacement
INFO: [Netlist 29-28] Unisim Transformation completed in 0 CPU seconds
INFO: [Project 1-479] Netlist was created with Vivado 2017.2
INFO: [Device 21-403] Loading part xc7z010clg400-1
INFO: [Project 1-570] Preparing netlist for logic optimization
Parsing XDC File [E:/vivado_hardware_design/xadc_base_design/.Xil/Vivado-12848-win7-PC/dcp1/XADCdemo_early.xdc]
Finished Parsing XDC File [E:/vivado_hardware_design/xadc_base_design/.Xil/Vivado-12848-win7-PC/dcp1/XADCdemo_early.xdc]
Parsing XDC File [E:/vivado_hardware_design/xadc_base_design/.Xil/Vivado-12848-win7-PC/dcp1/XADCdemo.xdc]
INFO: [Timing 38-35] Done setting XDC timing constraints. [e:/vivado_hardware_design/xadc_base_design/xadc_base_design.runs/impl_1/.Xil/Vivado-11672-win7-PC/dbg_hub_CV.0/out/xsdbm.xdc:11]
get_clocks: Time (s): cpu = 00:00:12 ; elapsed = 00:00:12 . Memory (MB): peak = 1694.754 ; gain = 502.637
Finished Parsing XDC File [E:/vivado_hardware_design/xadc_base_design/.Xil/Vivado-12848-win7-PC/dcp1/XADCdemo.xdc]
Reading XDEF placement.
Reading placer database...
Reading XDEF routing.
Read XDEF File: Time (s): cpu = 00:00:00 ; elapsed = 00:00:00.437 . Memory (MB): peak = 1699.137 ; gain = 4.383
Restored from archive | CPU: 0.000000 secs | Memory: 0.000000 MB |
Finished XDEF File Restore: Time (s): cpu = 00:00:00 ; elapsed = 00:00:00.437 . Memory (MB): peak = 1699.137 ; gain = 4.383
INFO: [Project 1-111] Unisim Transformation Summary:
  A total of 58 instances were transformed.
  CFGLUT5 => CFGLUT5 (SRLC32E, SRL16E): 52 instances
  RAM32M => RAM32M (RAMS32, RAMS32, RAMD32, RAMD32, RAMD32, RAMD32, RAMD32, RAMD32): 6 instances

open_run: Time (s): cpu = 00:00:32 ; elapsed = 00:00:25 . Memory (MB): peak = 1792.367 ; gain = 826.859
WARNING: [IP_Flow 19-4067] Ignoring invalid widget type specified checkbox.Providing a default widget
write_checkpoint E:/vivado_hardware_design/xadc_base_design/checkpoint_1.dcp -force
Writing placer database...
Writing XDEF routing.
Writing XDEF routing logical nets.
Writing XDEF routing special nets.
Write XDEF Complete: Time (s): cpu = 00:00:01 ; elapsed = 00:00:00.581 . Memory (MB): peak = 1842.656 ; gain = 0.000
INFO: [Common 17-1381] The checkpoint 'E:/vivado_hardware_design/xadc_base_design/checkpoint_1.dcp' has been generated.
exit
INFO: [Common 17-206] Exiting Vivado at Wed Jul  5 15:34:47 2017...
